40a4 initialise_clink          109 ---- 2021/06/03 11:35:45.271 -------------------------------------------------
40a4 initialise_clink          110 Host process is 'cmd.exe'
40a4 initialise_clink          124 Windows version 10.0.19042 (x64)
40a4 initialise_clink          127 Clink version 1.1.45.1c3985 (x64)
40a4 hook_setter::hook_setter   36 >>> Started hook transaction.
40a4 hook_iat                   53 Attempting to hook IAT for module 00007FF796BC0000
40a4 hook_iat                   54 Target is (null),SetEnvironmentVariableW (by_name=1)
40a4 pe_info::iterate_imports  154 Checking imports in 'msvcrt.dll'
40a4 pe_info::iterate_imports  154 Checking imports in 'ntdll.dll'
40a4 pe_info::iterate_imports  154 Checking imports in 'api-ms-win-core-kernel32-legacy-l1-1-0.dll'
40a4 pe_info::iterate_imports  154 Checking imports in 'api-ms-win-core-libraryloader-l1-2-0.dll'
40a4 pe_info::iterate_imports  154 Checking imports in 'api-ms-win-core-synch-l1-1-0.dll'
40a4 pe_info::iterate_imports  154 Checking imports in 'api-ms-win-core-heap-l1-1-0.dll'
40a4 pe_info::iterate_imports  154 Checking imports in 'api-ms-win-core-errorhandling-l1-1-0.dll'
40a4 pe_info::iterate_imports  154 Checking imports in 'api-ms-win-core-processthreads-l1-1-0.dll'
40a4 pe_info::iterate_imports  154 Checking imports in 'api-ms-win-core-localization-l1-2-0.dll'
40a4 pe_info::iterate_imports  154 Checking imports in 'api-ms-win-core-debug-l1-1-0.dll'
40a4 pe_info::iterate_imports  154 Checking imports in 'api-ms-win-core-handle-l1-1-0.dll'
40a4 pe_info::iterate_imports  154 Checking imports in 'api-ms-win-core-memory-l1-1-0.dll'
40a4 pe_info::iterate_imports  154 Checking imports in 'api-ms-win-core-console-l1-1-0.dll'
40a4 pe_info::iterate_imports  154 Checking imports in 'api-ms-win-core-file-l1-1-0.dll'
40a4 pe_info::iterate_imports  154 Checking imports in 'api-ms-win-core-string-l1-1-0.dll'
40a4 pe_info::iterate_imports  154 Checking imports in 'api-ms-win-core-processenvironment-l1-1-0.dll'
40a4 hook_iat                   81 Found import at 00007FF796BF3860 (value = 00007FFDA4C0AF70)
40a4 hook_iat                   53 Attempting to hook IAT for module 00007FFD78E00000
40a4 hook_iat                   54 Target is (null),SetEnvironmentVariableW (by_name=1)
40a4 pe_info::iterate_imports  154 Checking imports in 'VERSION.dll'
40a4 pe_info::iterate_imports  154 Checking imports in 'SHLWAPI.dll'
40a4 pe_info::iterate_imports  154 Checking imports in 'RPCRT4.dll'
40a4 pe_info::iterate_imports  154 Checking imports in 'dbghelp.dll'
40a4 pe_info::iterate_imports  154 Checking imports in 'KERNEL32.dll'
40a4 hook_iat                   81 Found import at 00007FFD78EE2208 (value = 00007FFDA4E909C0)
40a4 hook_iat                   53 Attempting to hook IAT for module 00007FF796BC0000
40a4 hook_iat                   54 Target is (null),WriteConsoleW (by_name=1)
40a4 pe_info::iterate_imports  154 Checking imports in 'msvcrt.dll'
40a4 pe_info::iterate_imports  154 Checking imports in 'ntdll.dll'
40a4 pe_info::iterate_imports  154 Checking imports in 'api-ms-win-core-kernel32-legacy-l1-1-0.dll'
40a4 pe_info::iterate_imports  154 Checking imports in 'api-ms-win-core-libraryloader-l1-2-0.dll'
40a4 pe_info::iterate_imports  154 Checking imports in 'api-ms-win-core-synch-l1-1-0.dll'
40a4 pe_info::iterate_imports  154 Checking imports in 'api-ms-win-core-heap-l1-1-0.dll'
40a4 pe_info::iterate_imports  154 Checking imports in 'api-ms-win-core-errorhandling-l1-1-0.dll'
40a4 pe_info::iterate_imports  154 Checking imports in 'api-ms-win-core-processthreads-l1-1-0.dll'
40a4 pe_info::iterate_imports  154 Checking imports in 'api-ms-win-core-localization-l1-2-0.dll'
40a4 pe_info::iterate_imports  154 Checking imports in 'api-ms-win-core-debug-l1-1-0.dll'
40a4 pe_info::iterate_imports  154 Checking imports in 'api-ms-win-core-handle-l1-1-0.dll'
40a4 pe_info::iterate_imports  154 Checking imports in 'api-ms-win-core-memory-l1-1-0.dll'
40a4 pe_info::iterate_imports  154 Checking imports in 'api-ms-win-core-console-l1-1-0.dll'
40a4 hook_iat                   81 Found import at 00007FF796BF34F8 (value = 00007FFDA4BAA170)
40a4 hook_iat                   53 Attempting to hook IAT for module 00007FFD78E00000
40a4 hook_iat                   54 Target is (null),WriteConsoleW (by_name=1)
40a4 pe_info::iterate_imports  154 Checking imports in 'VERSION.dll'
40a4 pe_info::iterate_imports  154 Checking imports in 'SHLWAPI.dll'
40a4 pe_info::iterate_imports  154 Checking imports in 'RPCRT4.dll'
40a4 pe_info::iterate_imports  154 Checking imports in 'dbghelp.dll'
40a4 pe_info::iterate_imports  154 Checking imports in 'KERNEL32.dll'
40a4 hook_iat                   81 Found import at 00007FFD78EE20E8 (value = 00007FFDA4E953C0)
40a4 hook_iat                   53 Attempting to hook IAT for module 00007FF796BC0000
40a4 hook_iat                   54 Target is (null),GetEnvironmentVariableW (by_name=1)
40a4 pe_info::iterate_imports  154 Checking imports in 'msvcrt.dll'
40a4 pe_info::iterate_imports  154 Checking imports in 'ntdll.dll'
40a4 pe_info::iterate_imports  154 Checking imports in 'api-ms-win-core-kernel32-legacy-l1-1-0.dll'
40a4 pe_info::iterate_imports  154 Checking imports in 'api-ms-win-core-libraryloader-l1-2-0.dll'
40a4 pe_info::iterate_imports  154 Checking imports in 'api-ms-win-core-synch-l1-1-0.dll'
40a4 pe_info::iterate_imports  154 Checking imports in 'api-ms-win-core-heap-l1-1-0.dll'
40a4 pe_info::iterate_imports  154 Checking imports in 'api-ms-win-core-errorhandling-l1-1-0.dll'
40a4 pe_info::iterate_imports  154 Checking imports in 'api-ms-win-core-processthreads-l1-1-0.dll'
40a4 pe_info::iterate_imports  154 Checking imports in 'api-ms-win-core-localization-l1-2-0.dll'
40a4 pe_info::iterate_imports  154 Checking imports in 'api-ms-win-core-debug-l1-1-0.dll'
40a4 pe_info::iterate_imports  154 Checking imports in 'api-ms-win-core-handle-l1-1-0.dll'
40a4 pe_info::iterate_imports  154 Checking imports in 'api-ms-win-core-memory-l1-1-0.dll'
40a4 pe_info::iterate_imports  154 Checking imports in 'api-ms-win-core-console-l1-1-0.dll'
40a4 pe_info::iterate_imports  154 Checking imports in 'api-ms-win-core-file-l1-1-0.dll'
40a4 pe_info::iterate_imports  154 Checking imports in 'api-ms-win-core-string-l1-1-0.dll'
40a4 pe_info::iterate_imports  154 Checking imports in 'api-ms-win-core-processenvironment-l1-1-0.dll'
40a4 hook_iat                   81 Found import at 00007FF796BF3880 (value = 00007FFDA4BC3480)
40a4 hook_iat                   53 Attempting to hook IAT for module 00007FFD78E00000
40a4 hook_iat                   54 Target is (null),GetEnvironmentVariableW (by_name=1)
40a4 pe_info::iterate_imports  154 Checking imports in 'VERSION.dll'
40a4 pe_info::iterate_imports  154 Checking imports in 'SHLWAPI.dll'
40a4 pe_info::iterate_imports  154 Checking imports in 'RPCRT4.dll'
40a4 pe_info::iterate_imports  154 Checking imports in 'dbghelp.dll'
40a4 pe_info::iterate_imports  154 Checking imports in 'KERNEL32.dll'
40a4 hook_iat                   81 Found import at 00007FFD78EE2200 (value = 00007FFDA4E8B620)
40a4 hook_setter::commit        88 <<< Hook transaction committed.
40a4 hook_iat                   53 Attempting to hook IAT for module 00007FF796BC0000
40a4 hook_iat                   54 Target is (null),GetEnvironmentVariableW (by_name=1)
40a4 pe_info::iterate_imports  154 Checking imports in 'msvcrt.dll'
40a4 pe_info::iterate_imports  154 Checking imports in 'ntdll.dll'
40a4 pe_info::iterate_imports  154 Checking imports in 'api-ms-win-core-kernel32-legacy-l1-1-0.dll'
40a4 pe_info::iterate_imports  154 Checking imports in 'api-ms-win-core-libraryloader-l1-2-0.dll'
40a4 pe_info::iterate_imports  154 Checking imports in 'api-ms-win-core-synch-l1-1-0.dll'
40a4 pe_info::iterate_imports  154 Checking imports in 'api-ms-win-core-heap-l1-1-0.dll'
40a4 pe_info::iterate_imports  154 Checking imports in 'api-ms-win-core-errorhandling-l1-1-0.dll'
40a4 pe_info::iterate_imports  154 Checking imports in 'api-ms-win-core-processthreads-l1-1-0.dll'
40a4 pe_info::iterate_imports  154 Checking imports in 'api-ms-win-core-localization-l1-2-0.dll'
40a4 pe_info::iterate_imports  154 Checking imports in 'api-ms-win-core-debug-l1-1-0.dll'
40a4 pe_info::iterate_imports  154 Checking imports in 'api-ms-win-core-handle-l1-1-0.dll'
40a4 pe_info::iterate_imports  154 Checking imports in 'api-ms-win-core-memory-l1-1-0.dll'
40a4 pe_info::iterate_imports  154 Checking imports in 'api-ms-win-core-console-l1-1-0.dll'
40a4 pe_info::iterate_imports  154 Checking imports in 'api-ms-win-core-file-l1-1-0.dll'
40a4 pe_info::iterate_imports  154 Checking imports in 'api-ms-win-core-string-l1-1-0.dll'
40a4 pe_info::iterate_imports  154 Checking imports in 'api-ms-win-core-processenvironment-l1-1-0.dll'
40a4 hook_iat                   81 Found import at 00007FF796BF3880 (value = 00007FFD78E10D30)
40a4 hook_setter::hook_setter   36 >>> Started hook transaction.
40a4 hook_setter::add_detour   119 Attempting to hook ReadConsoleW in kernelbase.dll with 00007FFD78E110C0.
40a4 add_repair_iat_node       135 Attempting to hook IAT for module 00007FFD78E00000.
40a4 add_repair_iat_node       143 Target is ReadConsoleW (by name).
40a4 pe_info::iterate_imports  154 Checking imports in 'VERSION.dll'
40a4 pe_info::iterate_imports  154 Checking imports in 'SHLWAPI.dll'
40a4 pe_info::iterate_imports  154 Checking imports in 'RPCRT4.dll'
40a4 pe_info::iterate_imports  154 Checking imports in 'dbghelp.dll'
40a4 pe_info::iterate_imports  154 Checking imports in 'KERNEL32.dll'
40a4 add_repair_iat_node       168 Found import at 00007FFD78EE21F8 (value is 00007FFDA4E95370).
40a4 hook_setter::commit        88 <<< Hook transaction committed.
40a4 reset_handle              140 resetting mismatched stdout handle
40a4 win_screen_buffer::begin  184 Using native terminal support; found 'conemuhk64.dll'.
40a4 history_db::initialise   1061 master bank ctag: |CTAG_1622597860_404887046_3820_0
40a4 history_db::compact      1231 History:  63 active, 62 deleted
40a4 history_db::compact      1231 History:  64 active, 62 deleted
40a4 history_db::compact      1231 History:  65 active, 62 deleted
40a4 history_db::compact      1231 History:  65 active, 63 deleted
40a4 history_db::compact      1231 History:  65 active, 64 deleted
40a4 history_db::compact      1231 History:  65 active, 65 deleted
40a4 history_db::compact      1231 History:  65 active, 66 deleted
40a4 history_db::compact      1231 History:  65 active, 67 deleted
40a4 history_db::compact      1231 History:  66 active, 67 deleted
40a4 history_db::compact      1231 History:  66 active, 68 deleted
40a4 history_db::compact      1231 History:  66 active, 69 deleted
40a4 history_db::compact      1231 History:  67 active, 69 deleted
40a4 history_db::compact      1231 History:  67 active, 70 deleted
40a4 history_db::compact      1231 History:  67 active, 71 deleted
40a4 history_db::compact      1231 History:  67 active, 72 deleted
40a4 history_db::compact      1231 History:  67 active, 73 deleted
40a4 history_db::compact      1231 History:  68 active, 73 deleted
40a4 history_db::compact      1231 History:  68 active, 74 deleted
40a4 history_db::compact      1231 History:  68 active, 75 deleted
40a4 history_db::compact      1231 History:  68 active, 76 deleted
40a4 history_db::compact      1231 History:  68 active, 77 deleted
40a4 history_db::compact      1231 History:  69 active, 77 deleted
40a4 history_db::compact      1231 History:  69 active, 78 deleted
40a4 history_db::compact      1231 History:  69 active, 79 deleted
40a4 history_db::compact      1231 History:  70 active, 79 deleted
40a4 history_db::compact      1231 History:  70 active, 80 deleted
40a4 history_db::compact      1231 History:  71 active, 80 deleted
40a4 history_db::compact      1231 History:  71 active, 81 deleted
40a4 history_db::compact      1231 History:  71 active, 82 deleted
40a4 history_db::compact      1231 History:  71 active, 83 deleted
40a4 history_db::compact      1231 History:  72 active, 83 deleted
40a4 history_db::compact      1231 History:  72 active, 84 deleted
40a4 history_db::compact      1231 History:  73 active, 84 deleted
40a4 history_db::compact      1231 History:  73 active, 85 deleted
40a4 history_db::compact      1231 History:  73 active, 86 deleted
40a4 history_db::compact      1231 History:  73 active, 87 deleted
40a4 history_db::compact      1231 History:  74 active, 87 deleted
40a4 history_db::compact      1231 History:  74 active, 88 deleted
40a4 history_db::compact      1231 History:  74 active, 89 deleted
40a4 history_db::compact      1231 History:  75 active, 89 deleted
40a4 history_db::compact      1231 History:  75 active, 90 deleted
40a4 history_db::compact      1231 History:  76 active, 90 deleted
40a4 history_db::compact      1231 History:  76 active, 91 deleted
40a4 history_db::compact      1231 History:  77 active, 91 deleted
40a4 history_db::compact      1231 History:  78 active, 91 deleted
40a4 history_db::compact      1231 History:  78 active, 92 deleted
40a4 history_db::compact      1231 History:  78 active, 93 deleted
40a4 history_db::compact      1231 History:  79 active, 93 deleted
40a4 history_db::compact      1231 History:  79 active, 94 deleted
40a4 history_db::compact      1231 History:  79 active, 95 deleted
40a4 history_db::compact      1231 History:  79 active, 96 deleted
40a4 history_db::compact      1231 History:  79 active, 97 deleted
40a4 history_db::compact      1231 History:  80 active, 97 deleted
40a4 history_db::compact      1231 History:  81 active, 97 deleted
40a4 history_db::compact      1231 History:  81 active, 98 deleted
40a4 history_db::compact      1231 History:  82 active, 98 deleted
40a4 history_db::compact      1231 History:  82 active, 99 deleted
40a4 history_db::compact      1231 History:  82 active, 100 deleted
40a4 history_db::compact      1231 History:  83 active, 100 deleted
40a4 history_db::compact      1231 History:  83 active, 101 deleted
40a4 history_db::compact      1231 History:  84 active, 101 deleted
40a4 history_db::compact      1231 History:  84 active, 102 deleted
40a4 history_db::compact      1231 History:  85 active, 102 deleted
40a4 history_db::compact      1231 History:  85 active, 103 deleted
40a4 history_db::compact      1231 History:  85 active, 104 deleted
40a4 history_db::compact      1231 History:  86 active, 104 deleted
40a4 history_db::compact      1231 History:  86 active, 105 deleted
40a4 history_db::compact      1231 History:  86 active, 106 deleted
40a4 history_db::compact      1231 History:  87 active, 106 deleted
40a4 history_db::compact      1231 History:  88 active, 106 deleted
40a4 history_db::compact      1231 History:  88 active, 107 deleted
40a4 history_db::compact      1231 History:  89 active, 107 deleted
40a4 history_db::compact      1231 History:  90 active, 107 deleted
40a4 history_db::compact      1231 History:  90 active, 108 deleted
40a4 history_db::compact      1231 History:  91 active, 108 deleted
40a4 history_db::compact      1231 History:  91 active, 109 deleted
40a4 history_db::compact      1231 History:  91 active, 110 deleted
40a4 history_db::compact      1231 History:  91 active, 111 deleted
40a4 history_db::compact      1231 History:  92 active, 111 deleted
40a4 history_db::compact      1231 History:  92 active, 112 deleted
40a4 history_db::compact      1231 History:  92 active, 113 deleted
40a4 history_db::compact      1231 History:  93 active, 113 deleted
40a4 history_db::compact      1231 History:  93 active, 114 deleted
40a4 history_db::compact      1231 History:  94 active, 114 deleted
40a4 history_db::compact      1231 History:  94 active, 115 deleted
40a4 history_db::compact      1231 History:  95 active, 115 deleted
40a4 history_db::compact      1231 History:  95 active, 116 deleted
40a4 history_db::compact      1231 History:  95 active, 117 deleted
40a4 history_db::compact      1231 History:  95 active, 118 deleted
40a4 history_db::compact      1231 History:  95 active, 119 deleted
40a4 history_db::compact      1231 History:  95 active, 120 deleted
40a4 history_db::compact      1231 History:  96 active, 120 deleted
40a4 history_db::compact      1231 History:  97 active, 120 deleted
40a4 history_db::compact      1231 History:  97 active, 121 deleted
40a4 history_db::compact      1231 History:  97 active, 122 deleted
40a4 history_db::compact      1231 History:  97 active, 123 deleted
40a4 history_db::compact      1231 History:  97 active, 124 deleted
40a4 history_db::compact      1231 History:  98 active, 124 deleted
40a4 history_db::compact      1231 History:  98 active, 125 deleted
40a4 history_db::compact      1231 History:  99 active, 125 deleted
40a4 history_db::compact      1231 History:  99 active, 126 deleted
40a4 history_db::compact      1231 History:  100 active, 126 deleted
40a4 history_db::compact      1231 History:  100 active, 127 deleted
40a4 history_db::compact      1231 History:  100 active, 128 deleted
