0eec initialise_clink          109 ---- 2021/06/02 07:07:33.056 -------------------------------------------------
0eec initialise_clink          110 Host process is 'cmd.exe'
0eec initialise_clink          124 Windows version 10.0.19042 (x64)
0eec initialise_clink          127 Clink version 1.1.45.1c3985 (x64)
0eec hook_setter::hook_setter   36 >>> Started hook transaction.
0eec hook_iat                   53 Attempting to hook IAT for module 00007FF796BC0000
0eec hook_iat                   54 Target is (null),SetEnvironmentVariableW (by_name=1)
0eec pe_info::iterate_imports  154 Checking imports in 'msvcrt.dll'
0eec pe_info::iterate_imports  154 Checking imports in 'ntdll.dll'
0eec pe_info::iterate_imports  154 Checking imports in 'api-ms-win-core-kernel32-legacy-l1-1-0.dll'
0eec pe_info::iterate_imports  154 Checking imports in 'api-ms-win-core-libraryloader-l1-2-0.dll'
0eec pe_info::iterate_imports  154 Checking imports in 'api-ms-win-core-synch-l1-1-0.dll'
0eec pe_info::iterate_imports  154 Checking imports in 'api-ms-win-core-heap-l1-1-0.dll'
0eec pe_info::iterate_imports  154 Checking imports in 'api-ms-win-core-errorhandling-l1-1-0.dll'
0eec pe_info::iterate_imports  154 Checking imports in 'api-ms-win-core-processthreads-l1-1-0.dll'
0eec pe_info::iterate_imports  154 Checking imports in 'api-ms-win-core-localization-l1-2-0.dll'
0eec pe_info::iterate_imports  154 Checking imports in 'api-ms-win-core-debug-l1-1-0.dll'
0eec pe_info::iterate_imports  154 Checking imports in 'api-ms-win-core-handle-l1-1-0.dll'
0eec pe_info::iterate_imports  154 Checking imports in 'api-ms-win-core-memory-l1-1-0.dll'
0eec pe_info::iterate_imports  154 Checking imports in 'api-ms-win-core-console-l1-1-0.dll'
0eec pe_info::iterate_imports  154 Checking imports in 'api-ms-win-core-file-l1-1-0.dll'
0eec pe_info::iterate_imports  154 Checking imports in 'api-ms-win-core-string-l1-1-0.dll'
0eec pe_info::iterate_imports  154 Checking imports in 'api-ms-win-core-processenvironment-l1-1-0.dll'
0eec hook_iat                   81 Found import at 00007FF796BF3860 (value = 00007FFDA4C0AF70)
0eec hook_iat                   53 Attempting to hook IAT for module 00007FFD5F3B0000
0eec hook_iat                   54 Target is (null),SetEnvironmentVariableW (by_name=1)
0eec pe_info::iterate_imports  154 Checking imports in 'VERSION.dll'
0eec pe_info::iterate_imports  154 Checking imports in 'SHLWAPI.dll'
0eec pe_info::iterate_imports  154 Checking imports in 'RPCRT4.dll'
0eec pe_info::iterate_imports  154 Checking imports in 'dbghelp.dll'
0eec pe_info::iterate_imports  154 Checking imports in 'KERNEL32.dll'
0eec hook_iat                   81 Found import at 00007FFD5F492208 (value = 00007FFDA4E909C0)
0eec hook_iat                   53 Attempting to hook IAT for module 00007FF796BC0000
0eec hook_iat                   54 Target is (null),WriteConsoleW (by_name=1)
0eec pe_info::iterate_imports  154 Checking imports in 'msvcrt.dll'
0eec pe_info::iterate_imports  154 Checking imports in 'ntdll.dll'
0eec pe_info::iterate_imports  154 Checking imports in 'api-ms-win-core-kernel32-legacy-l1-1-0.dll'
0eec pe_info::iterate_imports  154 Checking imports in 'api-ms-win-core-libraryloader-l1-2-0.dll'
0eec pe_info::iterate_imports  154 Checking imports in 'api-ms-win-core-synch-l1-1-0.dll'
0eec pe_info::iterate_imports  154 Checking imports in 'api-ms-win-core-heap-l1-1-0.dll'
0eec pe_info::iterate_imports  154 Checking imports in 'api-ms-win-core-errorhandling-l1-1-0.dll'
0eec pe_info::iterate_imports  154 Checking imports in 'api-ms-win-core-processthreads-l1-1-0.dll'
0eec pe_info::iterate_imports  154 Checking imports in 'api-ms-win-core-localization-l1-2-0.dll'
0eec pe_info::iterate_imports  154 Checking imports in 'api-ms-win-core-debug-l1-1-0.dll'
0eec pe_info::iterate_imports  154 Checking imports in 'api-ms-win-core-handle-l1-1-0.dll'
0eec pe_info::iterate_imports  154 Checking imports in 'api-ms-win-core-memory-l1-1-0.dll'
0eec pe_info::iterate_imports  154 Checking imports in 'api-ms-win-core-console-l1-1-0.dll'
0eec hook_iat                   81 Found import at 00007FF796BF34F8 (value = 00007FFDA4BAA170)
0eec hook_iat                   53 Attempting to hook IAT for module 00007FFD5F3B0000
0eec hook_iat                   54 Target is (null),WriteConsoleW (by_name=1)
0eec pe_info::iterate_imports  154 Checking imports in 'VERSION.dll'
0eec pe_info::iterate_imports  154 Checking imports in 'SHLWAPI.dll'
0eec pe_info::iterate_imports  154 Checking imports in 'RPCRT4.dll'
0eec pe_info::iterate_imports  154 Checking imports in 'dbghelp.dll'
0eec pe_info::iterate_imports  154 Checking imports in 'KERNEL32.dll'
0eec hook_iat                   81 Found import at 00007FFD5F4920E8 (value = 00007FFDA4E953C0)
0eec hook_iat                   53 Attempting to hook IAT for module 00007FF796BC0000
0eec hook_iat                   54 Target is (null),GetEnvironmentVariableW (by_name=1)
0eec pe_info::iterate_imports  154 Checking imports in 'msvcrt.dll'
0eec pe_info::iterate_imports  154 Checking imports in 'ntdll.dll'
0eec pe_info::iterate_imports  154 Checking imports in 'api-ms-win-core-kernel32-legacy-l1-1-0.dll'
0eec pe_info::iterate_imports  154 Checking imports in 'api-ms-win-core-libraryloader-l1-2-0.dll'
0eec pe_info::iterate_imports  154 Checking imports in 'api-ms-win-core-synch-l1-1-0.dll'
0eec pe_info::iterate_imports  154 Checking imports in 'api-ms-win-core-heap-l1-1-0.dll'
0eec pe_info::iterate_imports  154 Checking imports in 'api-ms-win-core-errorhandling-l1-1-0.dll'
0eec pe_info::iterate_imports  154 Checking imports in 'api-ms-win-core-processthreads-l1-1-0.dll'
0eec pe_info::iterate_imports  154 Checking imports in 'api-ms-win-core-localization-l1-2-0.dll'
0eec pe_info::iterate_imports  154 Checking imports in 'api-ms-win-core-debug-l1-1-0.dll'
0eec pe_info::iterate_imports  154 Checking imports in 'api-ms-win-core-handle-l1-1-0.dll'
0eec pe_info::iterate_imports  154 Checking imports in 'api-ms-win-core-memory-l1-1-0.dll'
0eec pe_info::iterate_imports  154 Checking imports in 'api-ms-win-core-console-l1-1-0.dll'
0eec pe_info::iterate_imports  154 Checking imports in 'api-ms-win-core-file-l1-1-0.dll'
0eec pe_info::iterate_imports  154 Checking imports in 'api-ms-win-core-string-l1-1-0.dll'
0eec pe_info::iterate_imports  154 Checking imports in 'api-ms-win-core-processenvironment-l1-1-0.dll'
0eec hook_iat                   81 Found import at 00007FF796BF3880 (value = 00007FFDA4BC3480)
0eec hook_iat                   53 Attempting to hook IAT for module 00007FFD5F3B0000
0eec hook_iat                   54 Target is (null),GetEnvironmentVariableW (by_name=1)
0eec pe_info::iterate_imports  154 Checking imports in 'VERSION.dll'
0eec pe_info::iterate_imports  154 Checking imports in 'SHLWAPI.dll'
0eec pe_info::iterate_imports  154 Checking imports in 'RPCRT4.dll'
0eec pe_info::iterate_imports  154 Checking imports in 'dbghelp.dll'
0eec pe_info::iterate_imports  154 Checking imports in 'KERNEL32.dll'
0eec hook_iat                   81 Found import at 00007FFD5F492200 (value = 00007FFDA4E8B620)
0eec hook_setter::commit        88 <<< Hook transaction committed.
0eec hook_iat                   53 Attempting to hook IAT for module 00007FF796BC0000
0eec hook_iat                   54 Target is (null),GetEnvironmentVariableW (by_name=1)
0eec pe_info::iterate_imports  154 Checking imports in 'msvcrt.dll'
0eec pe_info::iterate_imports  154 Checking imports in 'ntdll.dll'
0eec pe_info::iterate_imports  154 Checking imports in 'api-ms-win-core-kernel32-legacy-l1-1-0.dll'
0eec pe_info::iterate_imports  154 Checking imports in 'api-ms-win-core-libraryloader-l1-2-0.dll'
0eec pe_info::iterate_imports  154 Checking imports in 'api-ms-win-core-synch-l1-1-0.dll'
0eec pe_info::iterate_imports  154 Checking imports in 'api-ms-win-core-heap-l1-1-0.dll'
0eec pe_info::iterate_imports  154 Checking imports in 'api-ms-win-core-errorhandling-l1-1-0.dll'
0eec pe_info::iterate_imports  154 Checking imports in 'api-ms-win-core-processthreads-l1-1-0.dll'
0eec pe_info::iterate_imports  154 Checking imports in 'api-ms-win-core-localization-l1-2-0.dll'
0eec pe_info::iterate_imports  154 Checking imports in 'api-ms-win-core-debug-l1-1-0.dll'
0eec pe_info::iterate_imports  154 Checking imports in 'api-ms-win-core-handle-l1-1-0.dll'
0eec pe_info::iterate_imports  154 Checking imports in 'api-ms-win-core-memory-l1-1-0.dll'
0eec pe_info::iterate_imports  154 Checking imports in 'api-ms-win-core-console-l1-1-0.dll'
0eec pe_info::iterate_imports  154 Checking imports in 'api-ms-win-core-file-l1-1-0.dll'
0eec pe_info::iterate_imports  154 Checking imports in 'api-ms-win-core-string-l1-1-0.dll'
0eec pe_info::iterate_imports  154 Checking imports in 'api-ms-win-core-processenvironment-l1-1-0.dll'
0eec hook_iat                   81 Found import at 00007FF796BF3880 (value = 00007FFD5F3C0D30)
0eec hook_setter::hook_setter   36 >>> Started hook transaction.
0eec hook_setter::add_detour   119 Attempting to hook ReadConsoleW in kernelbase.dll with 00007FFD5F3C10C0.
0eec add_repair_iat_node       135 Attempting to hook IAT for module 00007FFD5F3B0000.
0eec add_repair_iat_node       143 Target is ReadConsoleW (by name).
0eec pe_info::iterate_imports  154 Checking imports in 'VERSION.dll'
0eec pe_info::iterate_imports  154 Checking imports in 'SHLWAPI.dll'
0eec pe_info::iterate_imports  154 Checking imports in 'RPCRT4.dll'
0eec pe_info::iterate_imports  154 Checking imports in 'dbghelp.dll'
0eec pe_info::iterate_imports  154 Checking imports in 'KERNEL32.dll'
0eec add_repair_iat_node       168 Found import at 00007FFD5F4921F8 (value is 00007FFDA4E95370).
0eec hook_setter::commit        88 <<< Hook transaction committed.
0eec win_screen_buffer::begin  184 Using native terminal support; found 'conemuhk64.dll'.
0eec extract_ctag              817 read 0 bytes
0eec extract_ctag              817 read 0 bytes
0eec history_db::initialise   1061 master bank ctag: |CTAG_1622597860_404887046_3820_0
0eec history_db::compact      1231 History:  0 active, 0 deleted
0eec history_db::compact      1231 History:  1 active, 0 deleted
0eec history_db::compact      1231 History:  2 active, 0 deleted
0eec history_db::compact      1231 History:  3 active, 0 deleted
0eec history_db::compact      1231 History:  4 active, 0 deleted
0eec history_db::compact      1231 History:  5 active, 0 deleted
